<?xml version="1.0" encoding="UTF-8"?>
<!-- Generated by org.testng.reporters.JUnitReportReporter -->
<testsuite hostname="Yunuss-MacBook-Pro.local" failures="0" tests="1" name="TestCases.NewTest1" time="7.802" errors="0" timestamp="27 May 2019 18:07:21 GMT" skipped="0">
  <testcase classname="TestCases.NewTest1" name="f" time="7.802"/>
</testsuite> <!-- TestCases.NewTest1 -->
