<?xml version="1.0" encoding="UTF-8"?>
<!-- Generated by org.testng.reporters.JUnitReportReporter -->
<testsuite hostname="Yunuss-MacBook-Pro.local" failures="0" tests="2" name="TestCases.NewTaskTest" time="40.765" errors="0" timestamp="28 May 2019 05:04:29 GMT" skipped="0">
  <testcase classname="TestCases.NewTaskTest" name="G" time="14.503"/>
  <testcase classname="TestCases.NewTaskTest" name="f" time="26.262"/>
</testsuite> <!-- TestCases.NewTaskTest -->
