<?xml version="1.0" encoding="UTF-8"?>
<!-- Generated by org.testng.reporters.JUnitReportReporter -->
<testsuite hostname="Yunuss-MacBook-Pro.local" failures="0" tests="2" name="TestCases.NewTaskTest1" time="40.235" errors="0" timestamp="28 May 2019 04:38:29 GMT" skipped="0">
  <testcase classname="TestCases.NewTaskTest1" name="G" time="14.746"/>
  <testcase classname="TestCases.NewTaskTest1" name="f" time="25.489"/>
</testsuite> <!-- TestCases.NewTaskTest1 -->
