<?xml version="1.0" encoding="UTF-8"?>
<!-- Generated by org.testng.reporters.JUnitReportReporter -->
<testsuite hostname="Yunuss-MacBook-Pro.local" failures="0" tests="1" name="TestCases.NewTest2" time="8.750" errors="0" timestamp="27 May 2019 19:13:20 GMT" skipped="0">
  <testcase classname="TestCases.NewTest2" name="f" time="8.750"/>
</testsuite> <!-- TestCases.NewTest2 -->
